<?xml version="1.0" encoding="UTF-8"?>
<!-- Generated by org.testng.reporters.JUnitXMLReporter -->
<testsuite hostname="DT-ARRCHNNA" ignored="0" name="Default test" tests="3" failures="0" timestamp="08 Jun 2017 12:45:22 GMT" time="32.519" errors="0">
  <testcase name="test1" time="4.209" classname="testcases.TC_001"/>
  <testcase name="test2" time="0.167" classname="testcases.TC_001"/>
  <testcase name="test3" time="28.111" classname="testcases.TC_001"/>
</testsuite> <!-- Default test -->
